

Started GET "/" for ::1 at 2016-08-04 17:31:05 -0400

ActiveRecord::PendingMigrationError (

Migrations are pending. To resolve this issue, run:

	bin/rake db:migrate RAILS_ENV=development

):
  activerecord (4.2.5.1) lib/active_record/migration.rb:392:in `check_pending!'
  activerecord (4.2.5.1) lib/active_record/migration.rb:373:in `call'
  actionpack (4.2.5.1) lib/action_dispatch/middleware/callbacks.rb:29:in `block in call'
  activesupport (4.2.5.1) lib/active_support/callbacks.rb:88:in `__run_callbacks__'
  activesupport (4.2.5.1) lib/active_support/callbacks.rb:778:in `_run_call_callbacks'
  activesupport (4.2.5.1) lib/active_support/callbacks.rb:81:in `run_callbacks'
  actionpack (4.2.5.1) lib/action_dispatch/middleware/callbacks.rb:27:in `call'
  actionpack (4.2.5.1) lib/action_dispatch/middleware/reloader.rb:73:in `call'
  actionpack (4.2.5.1) lib/action_dispatch/middleware/remote_ip.rb:78:in `call'
  actionpack (4.2.5.1) lib/action_dispatch/middleware/debug_exceptions.rb:17:in `call'
  web-console (2.3.0) lib/web_console/middleware.rb:28:in `block in call'
  web-console (2.3.0) lib/web_console/middleware.rb:18:in `catch'
  web-console (2.3.0) lib/web_console/middleware.rb:18:in `call'
  actionpack (4.2.5.1) lib/action_dispatch/middleware/show_exceptions.rb:30:in `call'
  railties (4.2.5.1) lib/rails/rack/logger.rb:38:in `call_app'
  railties (4.2.5.1) lib/rails/rack/logger.rb:20:in `block in call'
  activesupport (4.2.5.1) lib/active_support/tagged_logging.rb:68:in `block in tagged'
  activesupport (4.2.5.1) lib/active_support/tagged_logging.rb:26:in `tagged'
  activesupport (4.2.5.1) lib/active_support/tagged_logging.rb:68:in `tagged'
  railties (4.2.5.1) lib/rails/rack/logger.rb:20:in `call'
  actionpack (4.2.5.1) lib/action_dispatch/middleware/request_id.rb:21:in `call'
  rack (1.6.4) lib/rack/methodoverride.rb:22:in `call'
  rack (1.6.4) lib/rack/runtime.rb:18:in `call'
  activesupport (4.2.5.1) lib/active_support/cache/strategy/local_cache_middleware.rb:28:in `call'
  rack (1.6.4) lib/rack/lock.rb:17:in `call'
  actionpack (4.2.5.1) lib/action_dispatch/middleware/static.rb:116:in `call'
  rack (1.6.4) lib/rack/sendfile.rb:113:in `call'
  railties (4.2.5.1) lib/rails/engine.rb:518:in `call'
  railties (4.2.5.1) lib/rails/application.rb:165:in `call'
  rack (1.6.4) lib/rack/lock.rb:17:in `call'
  rack (1.6.4) lib/rack/content_length.rb:15:in `call'
  rack (1.6.4) lib/rack/handler/webrick.rb:88:in `service'
  /Users/Adrian/.rvm/rubies/ruby-2.3.0/lib/ruby/2.3.0/webrick/httpserver.rb:140:in `service'
  /Users/Adrian/.rvm/rubies/ruby-2.3.0/lib/ruby/2.3.0/webrick/httpserver.rb:96:in `run'
  /Users/Adrian/.rvm/rubies/ruby-2.3.0/lib/ruby/2.3.0/webrick/server.rb:296:in `block in start_thread'


  Rendered /Users/Adrian/.rvm/gems/ruby-2.3.0/gems/actionpack-4.2.5.1/lib/action_dispatch/middleware/templates/rescues/_source.erb (3.9ms)
  Rendered /Users/Adrian/.rvm/gems/ruby-2.3.0/gems/actionpack-4.2.5.1/lib/action_dispatch/middleware/templates/rescues/_trace.html.erb (1.9ms)
  Rendered /Users/Adrian/.rvm/gems/ruby-2.3.0/gems/actionpack-4.2.5.1/lib/action_dispatch/middleware/templates/rescues/_request_and_response.html.erb (0.9ms)
  Rendered /Users/Adrian/.rvm/gems/ruby-2.3.0/gems/actionpack-4.2.5.1/lib/action_dispatch/middleware/templates/rescues/diagnostics.html.erb within rescues/layout (66.5ms)
  Rendered /Users/Adrian/.rvm/gems/ruby-2.3.0/gems/web-console-2.3.0/lib/web_console/templates/_markup.html.erb (0.4ms)
  Rendered /Users/Adrian/.rvm/gems/ruby-2.3.0/gems/web-console-2.3.0/lib/web_console/templates/_inner_console_markup.html.erb within layouts/inlined_string (0.7ms)
  Rendered /Users/Adrian/.rvm/gems/ruby-2.3.0/gems/web-console-2.3.0/lib/web_console/templates/_prompt_box_markup.html.erb within layouts/inlined_string (0.3ms)
  Rendered /Users/Adrian/.rvm/gems/ruby-2.3.0/gems/web-console-2.3.0/lib/web_console/templates/style.css.erb within layouts/inlined_string (0.4ms)
  Rendered /Users/Adrian/.rvm/gems/ruby-2.3.0/gems/web-console-2.3.0/lib/web_console/templates/console.js.erb within layouts/javascript (69.9ms)
  Rendered /Users/Adrian/.rvm/gems/ruby-2.3.0/gems/web-console-2.3.0/lib/web_console/templates/main.js.erb within layouts/javascript (0.7ms)
  Rendered /Users/Adrian/.rvm/gems/ruby-2.3.0/gems/web-console-2.3.0/lib/web_console/templates/error_page.js.erb within layouts/javascript (0.5ms)
  Rendered /Users/Adrian/.rvm/gems/ruby-2.3.0/gems/web-console-2.3.0/lib/web_console/templates/index.html.erb (145.9ms)
  [1m[36m (3.7ms)[0m  [1mCREATE TABLE "schema_migrations" ("version" varchar NOT NULL) [0m
  [1m[35m (0.1ms)[0m  select sqlite_version(*)
  [1m[36m (0.7ms)[0m  [1mCREATE UNIQUE INDEX "unique_schema_migrations" ON "schema_migrations" ("version")[0m
  [1m[35mActiveRecord::SchemaMigration Load (0.1ms)[0m  SELECT "schema_migrations".* FROM "schema_migrations"
Migrating to CreateLists (20160310040747)
  [1m[36m (0.1ms)[0m  [1mbegin transaction[0m
  [1m[35m (0.6ms)[0m  CREATE TABLE "lists" ("id" INTEGER PRIMARY KEY AUTOINCREMENT NOT NULL, "name" varchar, "created_at" datetime NOT NULL, "updated_at" datetime NOT NULL) 
  [1m[36mSQL (0.2ms)[0m  [1mINSERT INTO "schema_migrations" ("version") VALUES (?)[0m  [["version", "20160310040747"]]
  [1m[35m (0.9ms)[0m  commit transaction
Migrating to CreateItems (20160804213224)
  [1m[36m (0.1ms)[0m  [1mbegin transaction[0m
  [1m[35m (0.7ms)[0m  CREATE TABLE "items" ("id" INTEGER PRIMARY KEY AUTOINCREMENT NOT NULL, "description" varchar, "list_id" integer, "created_at" datetime NOT NULL, "updated_at" datetime NOT NULL) 
  [1m[36mSQL (0.2ms)[0m  [1mINSERT INTO "schema_migrations" ("version") VALUES (?)[0m  [["version", "20160804213224"]]
  [1m[35m (0.8ms)[0m  commit transaction
  [1m[36mActiveRecord::SchemaMigration Load (0.1ms)[0m  [1mSELECT "schema_migrations".* FROM "schema_migrations"[0m
  [1m[36mList Load (1.3ms)[0m  [1mSELECT "lists".* FROM "lists"[0m


Started GET "/" for ::1 at 2016-08-04 17:33:44 -0400
  [1m[36mActiveRecord::SchemaMigration Load (0.1ms)[0m  [1mSELECT "schema_migrations".* FROM "schema_migrations"[0m
Processing by ListsController#index as HTML
  [1m[35mList Load (0.1ms)[0m  SELECT "lists".* FROM "lists"
  Rendered lists/index.html.erb within layouts/application (9.4ms)
Completed 200 OK in 1405ms (Views: 1386.3ms | ActiveRecord: 0.4ms)


Started GET "/assets/todomvc-base.self-a66641f41d319c2f2f39ae06e193cc37c366ccc356a61c65c573a7c7452f384e.css?body=1" for ::1 at 2016-08-04 17:33:45 -0400


Started GET "/assets/jquery_ujs.self-e87806d0cf4489aeb1bb7288016024e8de67fd18db693fe026fe3907581e53cd.js?body=1" for ::1 at 2016-08-04 17:33:45 -0400


Started GET "/assets/application.self-3b8dabdc891efe46b9a144b400ad69e37d7e5876bdc39dee783419a69d7ca819.js?body=1" for ::1 at 2016-08-04 17:33:45 -0400


Started GET "/assets/turbolinks.self-c37727e9bd6b2735da5c311aa83fead54ed0be6cc8bd9a65309e9c5abe2cbfff.js?body=1" for ::1 at 2016-08-04 17:33:45 -0400


Started GET "/assets/lists.self-877aef30ae1b040ab8a3aba4e3e309a11d7f2612f44dde450b5c157aa5f95c05.js?body=1" for ::1 at 2016-08-04 17:33:45 -0400


Started GET "/assets/application.self-e3aeec5fd5935b99828fb8f43ec8a1afd3aad7f84cc15ac5eafc65b5ad8ef866.css?body=1" for ::1 at 2016-08-04 17:33:45 -0400


Started GET "/assets/jquery.self-660adc51e0224b731d29f575a6f1ec167ba08ad06ed5deca4f1e8654c135bf4c.js?body=1" for ::1 at 2016-08-04 17:33:45 -0400


Started POST "/lists" for ::1 at 2016-08-04 17:34:06 -0400
Processing by ListsController#create as HTML
  Parameters: {"utf8"=>"✓", "authenticity_token"=>"Kqb5jvl0q9Of0guVWW+iUSe76koAvtgt4uPgMeRRB29KzpkyGWNhxSjaN1DqBQpOX72ViHUApuaGSGUWdgy8Ag==", "list"=>{"name"=>"First List"}, "commit"=>"Create List"}
  [1m[36m (0.1ms)[0m  [1mbegin transaction[0m
  [1m[35mSQL (0.5ms)[0m  INSERT INTO "lists" ("name", "created_at", "updated_at") VALUES (?, ?, ?)  [["name", "First List"], ["created_at", "2016-08-04 21:34:06.335846"], ["updated_at", "2016-08-04 21:34:06.335846"]]
  [1m[36m (5.3ms)[0m  [1mcommit transaction[0m
Redirected to http://localhost:3000/lists/1
Completed 302 Found in 13ms (ActiveRecord: 5.8ms)


Started GET "/lists/1" for ::1 at 2016-08-04 17:34:06 -0400
Processing by ListsController#show as HTML
  Parameters: {"id"=>"1"}
  [1m[35mList Load (0.3ms)[0m  SELECT  "lists".* FROM "lists" WHERE "lists"."id" = ? LIMIT 1  [["id", 1]]
  Rendered lists/show.html.erb within layouts/application (1.2ms)
Completed 200 OK in 37ms (Views: 27.0ms | ActiveRecord: 0.3ms)


Started GET "/assets/jquery.self-660adc51e0224b731d29f575a6f1ec167ba08ad06ed5deca4f1e8654c135bf4c.js?body=1" for ::1 at 2016-08-04 17:34:06 -0400


Started GET "/" for ::1 at 2016-08-04 17:34:20 -0400
Processing by ListsController#index as HTML
  [1m[36mList Load (0.1ms)[0m  [1mSELECT "lists".* FROM "lists"[0m
  Rendered lists/index.html.erb within layouts/application (2.1ms)
Completed 200 OK in 21ms (Views: 20.2ms | ActiveRecord: 0.1ms)


Started GET "/assets/jquery.self-660adc51e0224b731d29f575a6f1ec167ba08ad06ed5deca4f1e8654c135bf4c.js?body=1" for ::1 at 2016-08-04 17:34:20 -0400


Started POST "/lists" for ::1 at 2016-08-04 17:34:42 -0400
Processing by ListsController#create as HTML
  Parameters: {"utf8"=>"✓", "authenticity_token"=>"1l/St3uI8cnlMvrbaY7oiXKnx1OuR4AeEOa+AjBJrWy2N7ILm58731I6xh7a5ECWCqG4kdv5/tV0TTslohQWAQ==", "list"=>{"name"=>"Second List"}, "commit"=>"Create List"}
  [1m[35m (0.1ms)[0m  begin transaction
  [1m[36mSQL (0.3ms)[0m  [1mINSERT INTO "lists" ("name", "created_at", "updated_at") VALUES (?, ?, ?)[0m  [["name", "Second List"], ["created_at", "2016-08-04 21:34:42.086546"], ["updated_at", "2016-08-04 21:34:42.086546"]]
  [1m[35m (5.4ms)[0m  commit transaction
Redirected to http://localhost:3000/lists/2
Completed 302 Found in 9ms (ActiveRecord: 5.8ms)


Started GET "/lists/2" for ::1 at 2016-08-04 17:34:42 -0400
Processing by ListsController#show as HTML
  Parameters: {"id"=>"2"}
  [1m[36mList Load (0.2ms)[0m  [1mSELECT  "lists".* FROM "lists" WHERE "lists"."id" = ? LIMIT 1[0m  [["id", 2]]
  Rendered lists/show.html.erb within layouts/application (0.1ms)
Completed 200 OK in 45ms (Views: 42.5ms | ActiveRecord: 0.2ms)


Started GET "/assets/jquery.self-660adc51e0224b731d29f575a6f1ec167ba08ad06ed5deca4f1e8654c135bf4c.js?body=1" for ::1 at 2016-08-04 17:34:42 -0400


Started GET "/" for ::1 at 2016-08-04 17:34:44 -0400
Processing by ListsController#index as HTML
  [1m[35mList Load (0.1ms)[0m  SELECT "lists".* FROM "lists"
  Rendered lists/index.html.erb within layouts/application (1.7ms)
Completed 200 OK in 20ms (Views: 18.7ms | ActiveRecord: 0.1ms)


Started GET "/assets/jquery.self-660adc51e0224b731d29f575a6f1ec167ba08ad06ed5deca4f1e8654c135bf4c.js?body=1" for ::1 at 2016-08-04 17:34:44 -0400
  [1m[35m (0.1ms)[0m  begin transaction
  [1m[36mSQL (0.4ms)[0m  [1mINSERT INTO "items" ("created_at", "updated_at") VALUES (?, ?)[0m  [["created_at", "2016-08-04 21:36:29.460872"], ["updated_at", "2016-08-04 21:36:29.460872"]]
  [1m[35m (5.1ms)[0m  commit transaction
  [1m[36mList Load (0.2ms)[0m  [1mSELECT  "lists".* FROM "lists" WHERE "lists"."id" = ? LIMIT 1[0m  [["id", 1]]
  [1m[35m (0.1ms)[0m  begin transaction
  [1m[36mSQL (0.4ms)[0m  [1mUPDATE "lists" SET "name" = ?, "updated_at" = ? WHERE "lists"."id" = ?[0m  [["name", "Grocery List"], ["updated_at", "2016-08-04 21:39:40.718250"], ["id", 1]]
  [1m[35m (5.5ms)[0m  commit transaction
  [1m[36mItem Load (0.1ms)[0m  [1mSELECT "items".* FROM "items" WHERE "items"."list_id" = ?[0m  [["list_id", 1]]
  [1m[35m (0.1ms)[0m  begin transaction
  [1m[36mSQL (0.5ms)[0m  [1mINSERT INTO "items" ("description", "created_at", "updated_at") VALUES (?, ?, ?)[0m  [["description", "bread"], ["created_at", "2016-08-04 21:42:32.326800"], ["updated_at", "2016-08-04 21:42:32.326800"]]
  [1m[35m (5.0ms)[0m  commit transaction
  [1m[36m (0.1ms)[0m  [1mbegin transaction[0m
  [1m[35m (0.1ms)[0m  commit transaction
  [1m[36m (5.6ms)[0m  [1mCREATE TABLE "schema_migrations" ("version" varchar NOT NULL) [0m
  [1m[35m (0.1ms)[0m  select sqlite_version(*)
  [1m[36m (0.9ms)[0m  [1mCREATE UNIQUE INDEX "unique_schema_migrations" ON "schema_migrations" ("version")[0m
  [1m[35mActiveRecord::SchemaMigration Load (0.1ms)[0m  SELECT "schema_migrations".* FROM "schema_migrations"
Migrating to CreateLists (20160310040747)
  [1m[36m (0.1ms)[0m  [1mbegin transaction[0m
  [1m[35m (0.7ms)[0m  CREATE TABLE "lists" ("id" INTEGER PRIMARY KEY AUTOINCREMENT NOT NULL, "name" varchar, "created_at" datetime NOT NULL, "updated_at" datetime NOT NULL) 
  [1m[36mSQL (0.5ms)[0m  [1mINSERT INTO "schema_migrations" ("version") VALUES (?)[0m  [["version", "20160310040747"]]
  [1m[35m (1.1ms)[0m  commit transaction
Migrating to CreateItems (20160804213224)
  [1m[36m (1.0ms)[0m  [1mbegin transaction[0m
  [1m[35m (0.6ms)[0m  CREATE TABLE "items" ("id" INTEGER PRIMARY KEY AUTOINCREMENT NOT NULL, "description" varchar, "list_id" integer, "created_at" datetime NOT NULL, "updated_at" datetime NOT NULL) 
  [1m[36mSQL (0.8ms)[0m  [1mINSERT INTO "schema_migrations" ("version") VALUES (?)[0m  [["version", "20160804213224"]]
  [1m[35m (0.7ms)[0m  commit transaction
  [1m[36mActiveRecord::SchemaMigration Load (0.2ms)[0m  [1mSELECT "schema_migrations".* FROM "schema_migrations"[0m
  [1m[36mList Load (1.3ms)[0m  [1mSELECT "lists".* FROM "lists"[0m
  [1m[35m (0.1ms)[0m  begin transaction
  [1m[36mSQL (0.4ms)[0m  [1mINSERT INTO "lists" ("name", "created_at", "updated_at") VALUES (?, ?, ?)[0m  [["name", "Shopping list"], ["created_at", "2016-08-04 21:45:10.818200"], ["updated_at", "2016-08-04 21:45:10.818200"]]
  [1m[35m (3.5ms)[0m  commit transaction
  [1m[36mItem Load (0.2ms)[0m  [1mSELECT "items".* FROM "items" WHERE "items"."list_id" = ?[0m  [["list_id", 1]]
  [1m[35m (0.1ms)[0m  begin transaction
  [1m[36mSQL (1.2ms)[0m  [1mINSERT INTO "items" ("description", "created_at", "updated_at") VALUES (?, ?, ?)[0m  [["description", "Bread"], ["created_at", "2016-08-04 21:45:46.933843"], ["updated_at", "2016-08-04 21:45:46.933843"]]
  [1m[35m (5.4ms)[0m  commit transaction
  [1m[36m (0.1ms)[0m  [1mbegin transaction[0m
  [1m[35mSQL (0.4ms)[0m  UPDATE "items" SET "list_id" = ?, "updated_at" = ? WHERE "items"."id" = ?  [["list_id", 1], ["updated_at", "2016-08-04 21:46:03.389644"], ["id", 1]]
  [1m[36m (5.4ms)[0m  [1mcommit transaction[0m
  [1m[35m (0.2ms)[0m  SELECT COUNT(*) FROM "items" WHERE "items"."list_id" = ?  [["list_id", 1]]
  [1m[36mItem Load (0.1ms)[0m  [1mSELECT "items".* FROM "items" WHERE "items"."list_id" = ?[0m  [["list_id", 1]]


Started GET "/lists/1" for ::1 at 2016-08-04 17:48:53 -0400
Processing by ListsController#show as HTML
  Parameters: {"id"=>"1"}
  [1m[36mList Load (0.1ms)[0m  [1mSELECT  "lists".* FROM "lists" WHERE "lists"."id" = ? LIMIT 1[0m  [["id", 1]]
  Rendered lists/show.html.erb within layouts/application (23.4ms)
Completed 200 OK in 64ms (Views: 51.4ms | ActiveRecord: 0.7ms)


Started GET "/lists/2" for ::1 at 2016-08-04 17:48:56 -0400
Processing by ListsController#show as HTML
  Parameters: {"id"=>"2"}
  [1m[35mList Load (0.1ms)[0m  SELECT  "lists".* FROM "lists" WHERE "lists"."id" = ? LIMIT 1  [["id", 2]]
Completed 404 Not Found in 2ms (ActiveRecord: 0.1ms)

ActiveRecord::RecordNotFound (Couldn't find List with 'id'=2):
  app/controllers/lists_controller.rb:10:in `show'


  Rendered /Users/Adrian/.rvm/gems/ruby-2.3.0/gems/actionpack-4.2.5.1/lib/action_dispatch/middleware/templates/rescues/_source.erb (4.6ms)
  Rendered /Users/Adrian/.rvm/gems/ruby-2.3.0/gems/actionpack-4.2.5.1/lib/action_dispatch/middleware/templates/rescues/_trace.html.erb (2.1ms)
  Rendered /Users/Adrian/.rvm/gems/ruby-2.3.0/gems/actionpack-4.2.5.1/lib/action_dispatch/middleware/templates/rescues/_request_and_response.html.erb (1.9ms)
  Rendered /Users/Adrian/.rvm/gems/ruby-2.3.0/gems/actionpack-4.2.5.1/lib/action_dispatch/middleware/templates/rescues/diagnostics.html.erb within rescues/layout (60.0ms)
  Rendered /Users/Adrian/.rvm/gems/ruby-2.3.0/gems/web-console-2.3.0/lib/web_console/templates/_markup.html.erb (0.3ms)
  Rendered /Users/Adrian/.rvm/gems/ruby-2.3.0/gems/web-console-2.3.0/lib/web_console/templates/_inner_console_markup.html.erb within layouts/inlined_string (0.3ms)
  Rendered /Users/Adrian/.rvm/gems/ruby-2.3.0/gems/web-console-2.3.0/lib/web_console/templates/_prompt_box_markup.html.erb within layouts/inlined_string (0.3ms)
  Rendered /Users/Adrian/.rvm/gems/ruby-2.3.0/gems/web-console-2.3.0/lib/web_console/templates/style.css.erb within layouts/inlined_string (0.3ms)
  Rendered /Users/Adrian/.rvm/gems/ruby-2.3.0/gems/web-console-2.3.0/lib/web_console/templates/console.js.erb within layouts/javascript (46.0ms)
  Rendered /Users/Adrian/.rvm/gems/ruby-2.3.0/gems/web-console-2.3.0/lib/web_console/templates/main.js.erb within layouts/javascript (0.3ms)
  Rendered /Users/Adrian/.rvm/gems/ruby-2.3.0/gems/web-console-2.3.0/lib/web_console/templates/error_page.js.erb within layouts/javascript (0.4ms)
  Rendered /Users/Adrian/.rvm/gems/ruby-2.3.0/gems/web-console-2.3.0/lib/web_console/templates/index.html.erb (103.3ms)


Started GET "/lists/2" for ::1 at 2016-08-04 17:48:57 -0400
Processing by ListsController#show as HTML
  Parameters: {"id"=>"2"}
  [1m[36mList Load (0.1ms)[0m  [1mSELECT  "lists".* FROM "lists" WHERE "lists"."id" = ? LIMIT 1[0m  [["id", 2]]
Completed 404 Not Found in 1ms (ActiveRecord: 0.1ms)

ActiveRecord::RecordNotFound (Couldn't find List with 'id'=2):
  app/controllers/lists_controller.rb:10:in `show'


  Rendered /Users/Adrian/.rvm/gems/ruby-2.3.0/gems/actionpack-4.2.5.1/lib/action_dispatch/middleware/templates/rescues/_source.erb (4.6ms)
  Rendered /Users/Adrian/.rvm/gems/ruby-2.3.0/gems/actionpack-4.2.5.1/lib/action_dispatch/middleware/templates/rescues/_trace.html.erb (2.2ms)
  Rendered /Users/Adrian/.rvm/gems/ruby-2.3.0/gems/actionpack-4.2.5.1/lib/action_dispatch/middleware/templates/rescues/_request_and_response.html.erb (1.5ms)
  Rendered /Users/Adrian/.rvm/gems/ruby-2.3.0/gems/actionpack-4.2.5.1/lib/action_dispatch/middleware/templates/rescues/diagnostics.html.erb within rescues/layout (68.1ms)
  Rendered /Users/Adrian/.rvm/gems/ruby-2.3.0/gems/web-console-2.3.0/lib/web_console/templates/_markup.html.erb (0.6ms)
  Rendered /Users/Adrian/.rvm/gems/ruby-2.3.0/gems/web-console-2.3.0/lib/web_console/templates/_inner_console_markup.html.erb within layouts/inlined_string (0.3ms)
  Rendered /Users/Adrian/.rvm/gems/ruby-2.3.0/gems/web-console-2.3.0/lib/web_console/templates/_prompt_box_markup.html.erb within layouts/inlined_string (0.3ms)
  Rendered /Users/Adrian/.rvm/gems/ruby-2.3.0/gems/web-console-2.3.0/lib/web_console/templates/style.css.erb within layouts/inlined_string (0.5ms)
  Rendered /Users/Adrian/.rvm/gems/ruby-2.3.0/gems/web-console-2.3.0/lib/web_console/templates/console.js.erb within layouts/javascript (55.0ms)
  Rendered /Users/Adrian/.rvm/gems/ruby-2.3.0/gems/web-console-2.3.0/lib/web_console/templates/main.js.erb within layouts/javascript (0.5ms)
  Rendered /Users/Adrian/.rvm/gems/ruby-2.3.0/gems/web-console-2.3.0/lib/web_console/templates/error_page.js.erb within layouts/javascript (0.4ms)
  Rendered /Users/Adrian/.rvm/gems/ruby-2.3.0/gems/web-console-2.3.0/lib/web_console/templates/index.html.erb (126.5ms)


Started GET "/" for ::1 at 2016-08-04 17:48:59 -0400
Processing by ListsController#index as HTML
  [1m[35mList Load (0.2ms)[0m  SELECT "lists".* FROM "lists"
  Rendered lists/index.html.erb within layouts/application (2.9ms)
Completed 200 OK in 19ms (Views: 17.9ms | ActiveRecord: 0.2ms)


Started GET "/assets/jquery.self-660adc51e0224b731d29f575a6f1ec167ba08ad06ed5deca4f1e8654c135bf4c.js?body=1" for ::1 at 2016-08-04 17:49:00 -0400


Started GET "/lists/1" for ::1 at 2016-08-04 17:49:05 -0400
Processing by ListsController#show as HTML
  Parameters: {"id"=>"1"}
  [1m[36mList Load (0.1ms)[0m  [1mSELECT  "lists".* FROM "lists" WHERE "lists"."id" = ? LIMIT 1[0m  [["id", 1]]
  Rendered lists/show.html.erb within layouts/application (0.5ms)
Completed 200 OK in 14ms (Views: 13.5ms | ActiveRecord: 0.1ms)


Started GET "/lists" for ::1 at 2016-08-04 17:49:12 -0400
Processing by ListsController#index as HTML
  [1m[35mList Load (0.1ms)[0m  SELECT "lists".* FROM "lists"
  Rendered lists/index.html.erb within layouts/application (1.3ms)
Completed 200 OK in 14ms (Views: 13.5ms | ActiveRecord: 0.1ms)


Started GET "/assets/jquery.self-660adc51e0224b731d29f575a6f1ec167ba08ad06ed5deca4f1e8654c135bf4c.js?body=1" for ::1 at 2016-08-04 17:49:12 -0400


Started GET "/lists/1" for ::1 at 2016-08-04 17:49:16 -0400
Processing by ListsController#show as HTML
  Parameters: {"id"=>"1"}
  [1m[36mList Load (0.1ms)[0m  [1mSELECT  "lists".* FROM "lists" WHERE "lists"."id" = ? LIMIT 1[0m  [["id", 1]]
  Rendered lists/show.html.erb within layouts/application (0.5ms)
Completed 200 OK in 15ms (Views: 13.5ms | ActiveRecord: 0.1ms)


Started GET "/lists/1" for ::1 at 2016-08-04 17:49:21 -0400
Processing by ListsController#show as HTML
  Parameters: {"id"=>"1"}
  [1m[35mList Load (0.1ms)[0m  SELECT  "lists".* FROM "lists" WHERE "lists"."id" = ? LIMIT 1  [["id", 1]]
  Rendered lists/show.html.erb within layouts/application (0.8ms)
Completed 200 OK in 14ms (Views: 13.2ms | ActiveRecord: 0.1ms)


Started GET "/assets/todomvc-base.self-a66641f41d319c2f2f39ae06e193cc37c366ccc356a61c65c573a7c7452f384e.css?body=1" for ::1 at 2016-08-04 17:49:21 -0400


Started GET "/assets/jquery_ujs.self-e87806d0cf4489aeb1bb7288016024e8de67fd18db693fe026fe3907581e53cd.js?body=1" for ::1 at 2016-08-04 17:49:21 -0400


Started GET "/assets/jquery.self-660adc51e0224b731d29f575a6f1ec167ba08ad06ed5deca4f1e8654c135bf4c.js?body=1" for ::1 at 2016-08-04 17:49:21 -0400


Started GET "/assets/lists.self-877aef30ae1b040ab8a3aba4e3e309a11d7f2612f44dde450b5c157aa5f95c05.js?body=1" for ::1 at 2016-08-04 17:49:21 -0400


Started GET "/assets/application.self-3b8dabdc891efe46b9a144b400ad69e37d7e5876bdc39dee783419a69d7ca819.js?body=1" for ::1 at 2016-08-04 17:49:21 -0400


Started GET "/assets/application.self-e3aeec5fd5935b99828fb8f43ec8a1afd3aad7f84cc15ac5eafc65b5ad8ef866.css?body=1" for ::1 at 2016-08-04 17:49:21 -0400


Started GET "/assets/turbolinks.self-c37727e9bd6b2735da5c311aa83fead54ed0be6cc8bd9a65309e9c5abe2cbfff.js?body=1" for ::1 at 2016-08-04 17:49:21 -0400


Started GET "/lists/1" for ::1 at 2016-08-04 17:49:35 -0400
Processing by ListsController#show as HTML
  Parameters: {"id"=>"1"}
  [1m[36mList Load (0.1ms)[0m  [1mSELECT  "lists".* FROM "lists" WHERE "lists"."id" = ? LIMIT 1[0m  [["id", 1]]
  [1m[35mItem Load (0.3ms)[0m  SELECT "items".* FROM "items" WHERE "items"."list_id" = ?  [["list_id", 1]]
  Rendered lists/show.html.erb within layouts/application (7.7ms)
Completed 200 OK in 22ms (Views: 20.0ms | ActiveRecord: 0.5ms)


Started GET "/assets/todomvc-base.self-a66641f41d319c2f2f39ae06e193cc37c366ccc356a61c65c573a7c7452f384e.css?body=1" for ::1 at 2016-08-04 17:49:35 -0400


Started GET "/assets/application.self-e3aeec5fd5935b99828fb8f43ec8a1afd3aad7f84cc15ac5eafc65b5ad8ef866.css?body=1" for ::1 at 2016-08-04 17:49:35 -0400


Started GET "/assets/application.self-3b8dabdc891efe46b9a144b400ad69e37d7e5876bdc39dee783419a69d7ca819.js?body=1" for ::1 at 2016-08-04 17:49:35 -0400


Started GET "/assets/jquery_ujs.self-e87806d0cf4489aeb1bb7288016024e8de67fd18db693fe026fe3907581e53cd.js?body=1" for ::1 at 2016-08-04 17:49:35 -0400


Started GET "/assets/turbolinks.self-c37727e9bd6b2735da5c311aa83fead54ed0be6cc8bd9a65309e9c5abe2cbfff.js?body=1" for ::1 at 2016-08-04 17:49:35 -0400


Started GET "/assets/lists.self-877aef30ae1b040ab8a3aba4e3e309a11d7f2612f44dde450b5c157aa5f95c05.js?body=1" for ::1 at 2016-08-04 17:49:35 -0400


Started GET "/assets/jquery.self-660adc51e0224b731d29f575a6f1ec167ba08ad06ed5deca4f1e8654c135bf4c.js?body=1" for ::1 at 2016-08-04 17:49:35 -0400
  [1m[35m (0.1ms)[0m  begin transaction
  [1m[36m (0.1ms)[0m  [1mrollback transaction[0m
  [1m[35m (0.1ms)[0m  begin transaction
  [1m[36mSQL (0.5ms)[0m  [1mINSERT INTO "items" ("description", "list_id", "created_at", "updated_at") VALUES (?, ?, ?, ?)[0m  [["description", "Butter"], ["list_id", 1], ["created_at", "2016-08-04 23:23:18.639850"], ["updated_at", "2016-08-04 23:23:18.639850"]]
  [1m[35m (5.3ms)[0m  commit transaction


Started GET "/lists/1" for ::1 at 2016-08-04 19:23:22 -0400
Processing by ListsController#show as HTML
  Parameters: {"id"=>"1"}
  [1m[36mList Load (0.3ms)[0m  [1mSELECT  "lists".* FROM "lists" WHERE "lists"."id" = ? LIMIT 1[0m  [["id", 1]]
  [1m[35mItem Load (0.1ms)[0m  SELECT "items".* FROM "items" WHERE "items"."list_id" = ?  [["list_id", 1]]
  Rendered lists/show.html.erb within layouts/application (1.5ms)
Completed 200 OK in 19ms (Views: 17.2ms | ActiveRecord: 0.4ms)


Started GET "/assets/todomvc-base.self-a66641f41d319c2f2f39ae06e193cc37c366ccc356a61c65c573a7c7452f384e.css?body=1" for ::1 at 2016-08-04 19:23:22 -0400


Started GET "/assets/lists.self-877aef30ae1b040ab8a3aba4e3e309a11d7f2612f44dde450b5c157aa5f95c05.js?body=1" for ::1 at 2016-08-04 19:23:22 -0400


Started GET "/assets/jquery_ujs.self-e87806d0cf4489aeb1bb7288016024e8de67fd18db693fe026fe3907581e53cd.js?body=1" for ::1 at 2016-08-04 19:23:22 -0400


Started GET "/assets/turbolinks.self-c37727e9bd6b2735da5c311aa83fead54ed0be6cc8bd9a65309e9c5abe2cbfff.js?body=1" for ::1 at 2016-08-04 19:23:22 -0400


Started GET "/assets/application.self-e3aeec5fd5935b99828fb8f43ec8a1afd3aad7f84cc15ac5eafc65b5ad8ef866.css?body=1" for ::1 at 2016-08-04 19:23:22 -0400


Started GET "/assets/application.self-3b8dabdc891efe46b9a144b400ad69e37d7e5876bdc39dee783419a69d7ca819.js?body=1" for ::1 at 2016-08-04 19:23:22 -0400


Started GET "/assets/jquery.self-660adc51e0224b731d29f575a6f1ec167ba08ad06ed5deca4f1e8654c135bf4c.js?body=1" for ::1 at 2016-08-04 19:23:22 -0400
